<?xml version="1.0" encoding="UTF-8"?>
<!-- Generated by org.testng.reporters.JUnitReportReporter -->
<testsuite hostname="DESKTOP-3FPHIMD" name="com.js.JSErrorsDemo" tests="1" failures="0" timestamp="14 Jun 2018 10:58:51 GMT" time="11.399" errors="0">
  <testcase name="yifySite" time="11.399" classname="com.js.JSErrorsDemo"/>
</testsuite> <!-- com.js.JSErrorsDemo -->
